ParkingProject/upark/build/outputs/logs/manifest-merger-release-report.txt
-- Merging decision tree log ---
manifest
ADDED from src/main/AndroidManifest.xml:2:1-88:12
	xmlns:android
		ADDED from src/main/AndroidManifest.xml:2:11-69
	package
		ADDED from src/main/AndroidManifest.xml:3:5-24
		INJECTED from src/main/AndroidManifest.xml
		INJECTED from src/main/AndroidManifest.xml
	android:versionName
		ADDED from src/main/AndroidManifest.xml:5:5-30
	android:versionCode
		ADDED from src/main/AndroidManifest.xml:4:5-28
		INJECTED from src/main/AndroidManifest.xml
		INJECTED from src/main/AndroidManifest.xml
uses-sdk
ADDED from src/main/AndroidManifest.xml:7:5-9:41
MERGED from [ParkingProject:facebookSDK:unspecified] AndroidManifest.xml:24:5-26:40
MERGED from [com.android.support:support-v4:21.0.3] AndroidManifest.xml:15:5-42
MERGED from [com.android.support:support-v4:21.0.3] AndroidManifest.xml:15:5-42
MERGED from [com.android.support:appcompat-v7:21.0.3] AndroidManifest.xml:15:5-42
MERGED from [com.android.support:support-v4:21.0.3] AndroidManifest.xml:15:5-42
	android:targetSdkVersion
		ADDED from src/main/AndroidManifest.xml:9:9-38
		INJECTED from src/main/AndroidManifest.xml
		INJECTED from src/main/AndroidManifest.xml
	android:minSdkVersion
		ADDED from src/main/AndroidManifest.xml:8:9-35
		INJECTED from src/main/AndroidManifest.xml
		INJECTED from src/main/AndroidManifest.xml
uses-permission#android.permission.INTERNET
ADDED from src/main/AndroidManifest.xml:11:5-67
	android:name
		ADDED from src/main/AndroidManifest.xml:11:22-64
uses-permission#android.permission.ACCESS_FINE_LOCATION
ADDED from src/main/AndroidManifest.xml:12:5-79
	android:name
		ADDED from src/main/AndroidManifest.xml:12:22-76
uses-permission#android.permission.ACCESS_NETWORK_STATE
ADDED from src/main/AndroidManifest.xml:13:5-79
	android:name
		ADDED from src/main/AndroidManifest.xml:13:22-76
uses-permission#android.permission.WRITE_EXTERNAL_STORAGE
ADDED from src/main/AndroidManifest.xml:14:5-81
	android:name
		ADDED from src/main/AndroidManifest.xml:14:22-78
uses-permission#android.permission.READ_PHONE_STATE
ADDED from src/main/AndroidManifest.xml:15:5-75
	android:name
		ADDED from src/main/AndroidManifest.xml:15:22-72
uses-permission#android.permission.READ_EXTERNAL_STORAGE
ADDED from src/main/AndroidManifest.xml:16:5-80
	android:name
		ADDED from src/main/AndroidManifest.xml:16:22-77
application
ADDED from src/main/AndroidManifest.xml:18:5-86:19
MERGED from [ParkingProject:facebookSDK:unspecified] AndroidManifest.xml:28:5-20
MERGED from [com.android.support:support-v4:21.0.3] AndroidManifest.xml:16:5-19
MERGED from [com.android.support:support-v4:21.0.3] AndroidManifest.xml:16:5-19
MERGED from [com.android.support:appcompat-v7:21.0.3] AndroidManifest.xml:16:5-19
MERGED from [com.android.support:support-v4:21.0.3] AndroidManifest.xml:16:5-19
	android:label
		ADDED from src/main/AndroidManifest.xml:20:9-41
	android:icon
		ADDED from src/main/AndroidManifest.xml:19:9-45
	android:theme
		ADDED from src/main/AndroidManifest.xml:21:9-40
activity#com.upark.LoginActivity
ADDED from src/main/AndroidManifest.xml:22:9-30:20
	android:label
		ADDED from src/main/AndroidManifest.xml:24:13-45
	android:name
		ADDED from src/main/AndroidManifest.xml:23:13-42
intent-filter#android.intent.action.MAIN+android.intent.category.LAUNCHER
ADDED from src/main/AndroidManifest.xml:25:13-29:29
action#android.intent.action.MAIN
ADDED from src/main/AndroidManifest.xml:26:17-69
	android:name
		ADDED from src/main/AndroidManifest.xml:26:25-66
category#android.intent.category.LAUNCHER
ADDED from src/main/AndroidManifest.xml:28:17-77
	android:name
		ADDED from src/main/AndroidManifest.xml:28:27-74
activity#com.upark.HomeActivity
ADDED from src/main/AndroidManifest.xml:31:9-34:20
	android:name
		ADDED from src/main/AndroidManifest.xml:32:13-41
	android:launchMode
		ADDED from src/main/AndroidManifest.xml:33:13-43
activity#com.upark.ReservationActivity
ADDED from src/main/AndroidManifest.xml:35:9-38:20
	android:name
		ADDED from src/main/AndroidManifest.xml:36:13-48
	android:launchMode
		ADDED from src/main/AndroidManifest.xml:37:13-43
activity#com.upark.NewReservationActivity
ADDED from src/main/AndroidManifest.xml:39:9-42:20
	android:name
		ADDED from src/main/AndroidManifest.xml:40:13-51
	android:launchMode
		ADDED from src/main/AndroidManifest.xml:41:13-43
activity#com.upark.PaymentHistoryActivity
ADDED from src/main/AndroidManifest.xml:43:9-46:20
	android:name
		ADDED from src/main/AndroidManifest.xml:44:13-51
	android:launchMode
		ADDED from src/main/AndroidManifest.xml:45:13-43
activity#com.upark.MessageActivity
ADDED from src/main/AndroidManifest.xml:47:9-50:20
	android:name
		ADDED from src/main/AndroidManifest.xml:48:13-44
	android:launchMode
		ADDED from src/main/AndroidManifest.xml:49:13-43
activity#com.facebook.FacebookActivity
ADDED from src/main/AndroidManifest.xml:51:9-55:75
	android:label
		ADDED from src/main/AndroidManifest.xml:54:13-45
	android:configChanges
		ADDED from src/main/AndroidManifest.xml:53:13-96
	android:theme
		ADDED from src/main/AndroidManifest.xml:55:13-72
	android:name
		ADDED from src/main/AndroidManifest.xml:52:13-57
meta-data#com.facebook.sdk.ApplicationId
ADDED from src/main/AndroidManifest.xml:57:9-59:55
	android:name
		ADDED from src/main/AndroidManifest.xml:58:13-58
	android:value
		ADDED from src/main/AndroidManifest.xml:59:13-52
provider#com.facebook.FacebookContentProvider
ADDED from src/main/AndroidManifest.xml:61:9-64:39
	android:exported
		ADDED from src/main/AndroidManifest.xml:64:13-36
	android:authorities
		ADDED from src/main/AndroidManifest.xml:63:13-90
	android:name
		ADDED from src/main/AndroidManifest.xml:62:13-64
activity#com.upark.SignUp
ADDED from src/main/AndroidManifest.xml:66:9-69:20
	android:label
		ADDED from src/main/AndroidManifest.xml:68:13-59
	android:name
		ADDED from src/main/AndroidManifest.xml:67:13-35
activity#com.upark.Spots
ADDED from src/main/AndroidManifest.xml:70:9-73:20
	android:label
		ADDED from src/main/AndroidManifest.xml:72:13-57
	android:name
		ADDED from src/main/AndroidManifest.xml:71:13-34
activity#com.upark.ReservationModification
ADDED from src/main/AndroidManifest.xml:74:9-77:20
	android:label
		ADDED from src/main/AndroidManifest.xml:76:13-76
	android:name
		ADDED from src/main/AndroidManifest.xml:75:13-52
activity#com.upark.Payment
ADDED from src/main/AndroidManifest.xml:78:9-81:20
	android:label
		ADDED from src/main/AndroidManifest.xml:80:13-59
	android:name
		ADDED from src/main/AndroidManifest.xml:79:13-36
activity#com.upark.ReservationCancellation
ADDED from src/main/AndroidManifest.xml:82:9-85:20
	android:label
		ADDED from src/main/AndroidManifest.xml:84:13-76
	android:name
		ADDED from src/main/AndroidManifest.xml:83:13-52